<?xml version="1.0" encoding="UTF-8"?>
<!-- Generated by org.testng.reporters.JUnitXMLReporter -->
<testsuite ignored="0" hostname="DESKTOP-4LNUH7K" failures="1" tests="1" name="AlertsTest" time="0.153" errors="0" timestamp="2023-03-23T11:27:57 IST">
  <testcase classname="Utility.ExcelReader" name="dataProvider" time="0.027">
    <failure type="java.lang.NoClassDefFoundError" message="org/apache/poi/ss/usermodel/Date1904Support">
      <![CDATA[java.lang.NoClassDefFoundError: org/apache/poi/ss/usermodel/Date1904Support
at java.base/java.lang.ClassLoader.defineClass1(Native Method)
at java.base/java.lang.ClassLoader.defineClass(ClassLoader.java:1012)
at java.base/java.security.SecureClassLoader.defineClass(SecureClassLoader.java:150)
at java.base/jdk.internal.loader.BuiltinClassLoader.defineClass(BuiltinClassLoader.java:862)
at java.base/jdk.internal.loader.BuiltinClassLoader.findClassOnClassPathOrNull(BuiltinClassLoader.java:760)
at java.base/jdk.internal.loader.BuiltinClassLoader.loadClassOrNull(BuiltinClassLoader.java:681)
at java.base/jdk.internal.loader.BuiltinClassLoader.loadClass(BuiltinClassLoader.java:639)
at java.base/jdk.internal.loader.ClassLoaders$AppClassLoader.loadClass(ClassLoaders.java:188)
at java.base/java.lang.ClassLoader.loadClass(ClassLoader.java:520)
at Utility.ExcelReader.dataProvider(ExcelReader.java:21)
at java.base/java.util.ArrayList.forEach(ArrayList.java:1511)
Caused by: java.lang.ClassNotFoundException: org.apache.poi.ss.usermodel.Date1904Support
at java.base/jdk.internal.loader.BuiltinClassLoader.loadClass(BuiltinClassLoader.java:641)
at java.base/jdk.internal.loader.ClassLoaders$AppClassLoader.loadClass(ClassLoaders.java:188)
at java.base/java.lang.ClassLoader.loadClass(ClassLoader.java:520)
... 38 more
... Removed 27 stack frames]]>
    </failure>
  </testcase> <!-- dataProvider -->
</testsuite> <!-- AlertsTest -->
